{"numFailedTestSuites":0,"numFailedTests":0,"numPassedTestSuites":1,"numPassedTests":16,"numPendingTestSuites":0,"numPendingTests":0,"numRuntimeErrorTestSuites":0,"numTodoTests":0,"numTotalTestSuites":1,"numTotalTests":16,"openHandles":[],"snapshot":{"added":0,"didUpdate":false,"failure":false,"filesAdded":0,"filesRemoved":0,"filesRemovedList":[],"filesUnmatched":0,"filesUpdated":0,"matched":0,"total":0,"unchecked":0,"uncheckedKeysByFile":[],"unmatched":0,"updated":0},"startTime":1788096459562,"success":true,"testResults":[{"assertionResults":[{"ancestorTitles":["M3 升級教練與教練後台","升級教練 POST /api/admin/coaches/:userId"],"duration":396,"failureDetails":[],"failureMessages":[],"fullName":"M3 升級教練與教練後台 升級教練 POST /api/admin/coaches/:userId 把一般會員升級成教練 → 成功，且升級後重新登入就能進教練後台","invocations":1,"location":null,"numPassingAsserts":12,"retryReasons":[],"status":"passed","title":"把一般會員升級成教練 → 成功，且升級後重新登入就能進教練後台"},{"ancestorTitles":["M3 升級教練與教練後台","升級教練 POST /api/admin/coaches/:userId"],"duration":230,"failureDetails":[],"failureMessages":[],"fullName":"M3 升級教練與教練後台 升級教練 POST /api/admin/coaches/:userId 對同一個人再升級一次 → 失敗（已經是教練了）","invocations":1,"location":null,"numPassingAsserts":12,"retryReasons":[],"status":"passed","title":"對同一個人再升級一次 → 失敗（已經是教練了）"},{"ancestorTitles":["M3 升級教練與教練後台","教練個人資料 GET /api/admin/coaches"],"duration":327,"failureDetails":[],"failureMessages":[],"fullName":"M3 升級教練與教練後台 教練個人資料 GET /api/admin/coaches 教練查看自己的資料 → 回傳 experience_years / description / skill_ids","invocations":1,"location":null,"numPassingAsserts":15,"retryReasons":[],"status":"passed","title":"教練查看自己的資料 → 回傳 experience_years / description / skill_ids"},{"ancestorTitles":["M3 升級教練與教練後台","教練個人資料 GET /api/admin/coaches"],"duration":201,"failureDetails":[],"failureMessages":[],"fullName":"M3 升級教練與教練後台 教練個人資料 GET /api/admin/coaches 一般會員（不是教練）查教練資料 → 失敗","invocations":1,"location":null,"numPassingAsserts":9,"retryReasons":[],"status":"passed","title":"一般會員（不是教練）查教練資料 → 失敗"},{"ancestorTitles":["M3 升級教練與教練後台","教練個人資料 GET /api/admin/coaches"],"duration":5,"failureDetails":[],"failureMessages":[],"fullName":"M3 升級教練與教練後台 教練個人資料 GET /api/admin/coaches 沒帶 token 查教練資料 → 失敗，訊息為「請先登入」","invocations":1,"location":null,"numPassingAsserts":4,"retryReasons":[],"status":"passed","title":"沒帶 token 查教練資料 → 失敗，訊息為「請先登入」"},{"ancestorTitles":["M3 升級教練與教練後台","更新教練個人資料 PUT /api/admin/coaches"],"duration":396,"failureDetails":[],"failureMessages":[],"fullName":"M3 升級教練與教練後台 更新教練個人資料 PUT /api/admin/coaches 教練更新資料（含技能清單）→ 成功，回傳的 skill_ids 包含該技能","invocations":1,"location":null,"numPassingAsserts":17,"retryReasons":[],"status":"passed","title":"教練更新資料（含技能清單）→ 成功，回傳的 skill_ids 包含該技能"},{"ancestorTitles":["M3 升級教練與教練後台","更新教練個人資料 PUT /api/admin/coaches"],"duration":334,"failureDetails":[],"failureMessages":[],"fullName":"M3 升級教練與教練後台 更新教練個人資料 PUT /api/admin/coaches profile_image_url 用 http:// 開頭 → 失敗（必須是 https 開頭）","invocations":1,"location":null,"numPassingAsserts":15,"retryReasons":[],"status":"passed","title":"profile_image_url 用 http:// 開頭 → 失敗（必須是 https 開頭）"},{"ancestorTitles":["M3 升級教練與教練後台","開課 POST /api/admin/coaches/courses"],"duration":354,"failureDetails":[],"failureMessages":[],"fullName":"M3 升級教練與教練後台 開課 POST /api/admin/coaches/courses 教練開新課程 → 成功，回傳課程 id","invocations":1,"location":null,"numPassingAsserts":16,"retryReasons":[],"status":"passed","title":"教練開新課程 → 成功，回傳課程 id"},{"ancestorTitles":["M3 升級教練與教練後台","開課 POST /api/admin/coaches/courses"],"duration":353,"failureDetails":[],"failureMessages":[],"fullName":"M3 升級教練與教練後台 開課 POST /api/admin/coaches/courses 缺必填欄位（沒給課程名稱）→ 失敗","invocations":1,"location":null,"numPassingAsserts":15,"retryReasons":[],"status":"passed","title":"缺必填欄位（沒給課程名稱）→ 失敗"},{"ancestorTitles":["M3 升級教練與教練後台","開課 POST /api/admin/coaches/courses"],"duration":334,"failureDetails":[],"failureMessages":[],"fullName":"M3 升級教練與教練後台 開課 POST /api/admin/coaches/courses meeting_url 不是 https 開頭 → 失敗","invocations":1,"location":null,"numPassingAsserts":15,"retryReasons":[],"status":"passed","title":"meeting_url 不是 https 開頭 → 失敗"},{"ancestorTitles":["M3 升級教練與教練後台","開課 POST /api/admin/coaches/courses"],"duration":222,"failureDetails":[],"failureMessages":[],"fullName":"M3 升級教練與教練後台 開課 POST /api/admin/coaches/courses 一般會員（不是教練）開課 → 失敗","invocations":1,"location":null,"numPassingAsserts":12,"retryReasons":[],"status":"passed","title":"一般會員（不是教練）開課 → 失敗"},{"ancestorTitles":["M3 升級教練與教練後台","單一課程查詢與更新（owner-scoped）"],"duration":389,"failureDetails":[],"failureMessages":[],"fullName":"M3 升級教練與教練後台 單一課程查詢與更新（owner-scoped） 課主用自己的 token 查單一課程 → 回扁平物件，含 name / skill_id / meeting_url","invocations":1,"location":null,"numPassingAsserts":21,"retryReasons":[],"status":"passed","title":"課主用自己的 token 查單一課程 → 回扁平物件，含 name / skill_id / meeting_url"},{"ancestorTitles":["M3 升級教練與教練後台","單一課程查詢與更新（owner-scoped）"],"duration":723,"failureDetails":[],"failureMessages":[],"fullName":"M3 升級教練與教練後台 單一課程查詢與更新（owner-scoped） 用另一個教練的 token 查別人的課程 → 失敗（只能查自己的課）","invocations":1,"location":null,"numPassingAsserts":27,"retryReasons":[],"status":"passed","title":"用另一個教練的 token 查別人的課程 → 失敗（只能查自己的課）"},{"ancestorTitles":["M3 升級教練與教練後台","單一課程查詢與更新（owner-scoped）"],"duration":359,"failureDetails":[],"failureMessages":[],"fullName":"M3 升級教練與教練後台 單一課程查詢與更新（owner-scoped） 課主更新課程（全欄位）→ 成功，再查一次能看到新內容","invocations":1,"location":null,"numPassingAsserts":23,"retryReasons":[],"status":"passed","title":"課主更新課程（全欄位）→ 成功，再查一次能看到新內容"},{"ancestorTitles":["M3 升級教練與教練後台","單一課程查詢與更新（owner-scoped）"],"duration":663,"failureDetails":[],"failureMessages":[],"fullName":"M3 升級教練與教練後台 單一課程查詢與更新（owner-scoped） 用另一個教練的 token 更新別人的課程 → 失敗（只能改自己的課）","invocations":1,"location":null,"numPassingAsserts":31,"retryReasons":[],"status":"passed","title":"用另一個教練的 token 更新別人的課程 → 失敗（只能改自己的課）"},{"ancestorTitles":["M3 升級教練與教練後台","教練課程列表 GET /api/admin/coaches/courses"],"duration":354,"failureDetails":[],"failureMessages":[],"fullName":"M3 升級教練與教練後台 教練課程列表 GET /api/admin/coaches/courses 列表是陣列、包含剛開的課，每堂課有中文 status 與 participants 欄位","invocations":1,"location":null,"numPassingAsserts":23,"retryReasons":[],"status":"passed","title":"列表是陣列、包含剛開的課，每堂課有中文 status 與 participants 欄位"}],"endTime":1788096466277,"message":"","name":"C:\\Users\\vivian\\2026後端工程師培訓-每周任務\\node-js-final-2026\\node-js-final-2026\\test\\m3.test.js","startTime":1788096459675,"status":"passed","summary":""}],"wasInterrupted":false}
